Start testing: Jul 03 18:09 EDT
----------------------------------------------------------
1/3 Testing: basic_xdrfile_library
1/3 Test: basic_xdrfile_library
Command: "/gpfs_common/share03/hall2/vtnguye4/xtc/build/xdrfile_test" "0"
Directory: /gpfs_common/share03/hall2/vtnguye4/xtc/build
"basic_xdrfile_library" start time: Jul 03 18:09 EDT
Output:
----------------------------------------------------------
Testing basic xdrfile library: PASSED
<end of output>
Test time =   0.04 sec
----------------------------------------------------------
Test Passed.
"basic_xdrfile_library" end time: Jul 03 18:09 EDT
"basic_xdrfile_library" time elapsed: 00:00:00
----------------------------------------------------------

2/3 Testing: xtc_functionality
2/3 Test: xtc_functionality
Command: "/gpfs_common/share03/hall2/vtnguye4/xtc/build/xdrfile_test" "1"
Directory: /gpfs_common/share03/hall2/vtnguye4/xtc/build
"xtc_functionality" start time: Jul 03 18:09 EDT
Output:
----------------------------------------------------------
Testing xtc functionality: PASSED
<end of output>
Test time =   0.01 sec
----------------------------------------------------------
Test Passed.
"xtc_functionality" end time: Jul 03 18:09 EDT
"xtc_functionality" time elapsed: 00:00:00
----------------------------------------------------------

3/3 Testing: trr_functionality
3/3 Test: trr_functionality
Command: "/gpfs_common/share03/hall2/vtnguye4/xtc/build/xdrfile_test" "2"
Directory: /gpfs_common/share03/hall2/vtnguye4/xtc/build
"trr_functionality" start time: Jul 03 18:09 EDT
Output:
----------------------------------------------------------
Testing trr functionality: PASSED
<end of output>
Test time =   0.01 sec
----------------------------------------------------------
Test Passed.
"trr_functionality" end time: Jul 03 18:09 EDT
"trr_functionality" time elapsed: 00:00:00
----------------------------------------------------------

End testing: Jul 03 18:09 EDT
